To honour the JVM settings for this build a single-use Daemon process will be forked. For more on this, please refer to https://docs.gradle.org/8.4/userguide/gradle_daemon.html#sec:disabling_the_daemon in the Gradle documentation.
Daemon will be stopped at the end of the build 
> Task :app:preBuild UP-TO-DATE
> Task :app:preDebugBuild UP-TO-DATE
> Task :app:mergeDebugNativeDebugMetadata NO-SOURCE
> Task :app:checkKotlinGradlePluginConfigurationErrors
> Task :app:checkDebugAarMetadata UP-TO-DATE
> Task :app:generateDebugResValues UP-TO-DATE
> Task :app:mapDebugSourceSetPaths UP-TO-DATE
> Task :app:generateDebugResources UP-TO-DATE
> Task :app:mergeDebugResources UP-TO-DATE
> Task :app:packageDebugResources UP-TO-DATE
> Task :app:parseDebugLocalResources UP-TO-DATE
> Task :app:createDebugCompatibleScreenManifests UP-TO-DATE
> Task :app:extractDeepLinksDebug UP-TO-DATE
> Task :app:processDebugMainManifest UP-TO-DATE
> Task :app:processDebugManifest UP-TO-DATE
> Task :app:processDebugManifestForPackage UP-TO-DATE
> Task :app:processDebugResources UP-TO-DATE
> Task :app:javaPreCompileDebug UP-TO-DATE
> Task :app:mergeDebugShaders UP-TO-DATE
> Task :app:compileDebugShaders NO-SOURCE
> Task :app:generateDebugAssets UP-TO-DATE
> Task :app:mergeDebugAssets UP-TO-DATE
> Task :app:compressDebugAssets UP-TO-DATE
> Task :app:desugarDebugFileDependencies UP-TO-DATE
> Task :app:checkDebugDuplicateClasses UP-TO-DATE
> Task :app:kspDebugKotlin
> Task :app:mergeExtDexDebug
> Task :app:mergeExtDexDebug UP-TO-DATE
> Task :app:mergeLibDexDebug UP-TO-DATE
> Task :app:mergeDebugJniLibFolders UP-TO-DATE
> Task :app:mergeDebugNativeLibs NO-SOURCE
> Task :app:stripDebugDebugSymbols NO-SOURCE
> Task :app:validateSigningDebug UP-TO-DATE
> Task :app:writeDebugAppMetadata UP-TO-DATE
> Task :app:writeDebugSigningConfigVersions UP-TO-DATE
> Task :app:compileDebugKotlin
w: file:///workspaces/InvestTrack/app/src/main/java/com/investtrack/data/database/AppDatabase.kt:60:34 The corresponding parameter in the supertype 'Migration' is named 'db'. This may cause problems when calling this function with named arguments.
w: file:///workspaces/InvestTrack/app/src/main/java/com/investtrack/ui/loan/LoanScreens.kt:128:20 Parameter 'onAddLoan' is never used
w: file:///workspaces/InvestTrack/app/src/main/java/com/investtrack/ui/lock/AppLockScreen.kt:81:5 Parameter 'title' is never used
w: file:///workspaces/InvestTrack/app/src/main/java/com/investtrack/ui/settings/SettingsScreen.kt:63:9 Variable 'lockType' is never used
w: file:///workspaces/InvestTrack/app/src/main/java/com/investtrack/ui/transaction/TransactionScreens.kt:96:36 Parameter 'id' is never used
w: file:///workspaces/InvestTrack/app/src/main/java/com/investtrack/ui/transaction/TransactionScreens.kt:110:5 Parameter 'onAddTransaction' is never used

> Task :app:compileDebugJavaWithJavac
> Task :app:hiltAggregateDepsDebug
> Task :app:hiltJavaCompileDebug
> Task :app:processDebugJavaRes
> Task :app:transformDebugClassesWithAsm
> Task :app:mergeDebugJavaResource
> Task :app:dexBuilderDebug
> Task :app:mergeDebugGlobalSynthetics
> Task :app:mergeProjectDexDebug
> Task :app:packageDebug
> Task :app:createDebugApkListingFileRedirect
> Task :app:assembleDebug

BUILD SUCCESSFUL in 5m 39s
38 actionable tasks: 14 executed, 24 up-to-date
